0 info it worked if it ends with ok
1 verbose cli [ 'C:\\Program Files (x86)\\nodejs\\node.exe',
1 verbose cli   'C:\\Program Files (x86)\\nodejs\\node_modules\\npm\\bin\\npm-cli.js',
1 verbose cli   'install' ]
2 info using npm@3.10.10
3 info using node@v6.10.1
4 silly loadCurrentTree Starting
5 silly install loadCurrentTree
6 silly install readLocalPackageData
7 silly install normalizeTree
8 silly loadCurrentTree Finishing
9 silly loadIdealTree Starting
10 silly install loadIdealTree
11 silly cloneCurrentTree Starting
12 silly install cloneCurrentTreeToIdealTree
13 silly cloneCurrentTree Finishing
14 silly loadShrinkwrap Starting
15 silly install loadShrinkwrap
16 silly loadShrinkwrap Finishing
17 silly loadAllDepsIntoIdealTree Starting
18 silly install loadAllDepsIntoIdealTree
19 silly fetchNamedPackageData better-sqlite3
20 silly mapToRegistry name better-sqlite3
21 silly mapToRegistry using default registry
22 silly mapToRegistry registry https://registry.npmjs.org/
23 silly mapToRegistry data Result {
23 silly mapToRegistry   raw: 'better-sqlite3',
23 silly mapToRegistry   scope: null,
23 silly mapToRegistry   escapedName: 'better-sqlite3',
23 silly mapToRegistry   name: 'better-sqlite3',
23 silly mapToRegistry   rawSpec: '',
23 silly mapToRegistry   spec: 'latest',
23 silly mapToRegistry   type: 'tag' }
24 silly mapToRegistry uri https://registry.npmjs.org/better-sqlite3
25 silly fetchNamedPackageData cors
26 silly mapToRegistry name cors
27 silly mapToRegistry using default registry
28 silly mapToRegistry registry https://registry.npmjs.org/
29 silly mapToRegistry data Result {
29 silly mapToRegistry   raw: 'cors',
29 silly mapToRegistry   scope: null,
29 silly mapToRegistry   escapedName: 'cors',
29 silly mapToRegistry   name: 'cors',
29 silly mapToRegistry   rawSpec: '',
29 silly mapToRegistry   spec: 'latest',
29 silly mapToRegistry   type: 'tag' }
30 silly mapToRegistry uri https://registry.npmjs.org/cors
31 silly fetchNamedPackageData express
32 silly mapToRegistry name express
33 silly mapToRegistry using default registry
34 silly mapToRegistry registry https://registry.npmjs.org/
35 silly mapToRegistry data Result {
35 silly mapToRegistry   raw: 'express',
35 silly mapToRegistry   scope: null,
35 silly mapToRegistry   escapedName: 'express',
35 silly mapToRegistry   name: 'express',
35 silly mapToRegistry   rawSpec: '',
35 silly mapToRegistry   spec: 'latest',
35 silly mapToRegistry   type: 'tag' }
36 silly mapToRegistry uri https://registry.npmjs.org/express
37 silly fetchNamedPackageData jsonwebtoken
38 silly mapToRegistry name jsonwebtoken
39 silly mapToRegistry using default registry
40 silly mapToRegistry registry https://registry.npmjs.org/
41 silly mapToRegistry data Result {
41 silly mapToRegistry   raw: 'jsonwebtoken',
41 silly mapToRegistry   scope: null,
41 silly mapToRegistry   escapedName: 'jsonwebtoken',
41 silly mapToRegistry   name: 'jsonwebtoken',
41 silly mapToRegistry   rawSpec: '',
41 silly mapToRegistry   spec: 'latest',
41 silly mapToRegistry   type: 'tag' }
42 silly mapToRegistry uri https://registry.npmjs.org/jsonwebtoken
43 silly fetchNamedPackageData body-parser
44 silly mapToRegistry name body-parser
45 silly mapToRegistry using default registry
46 silly mapToRegistry registry https://registry.npmjs.org/
47 silly mapToRegistry data Result {
47 silly mapToRegistry   raw: 'body-parser',
47 silly mapToRegistry   scope: null,
47 silly mapToRegistry   escapedName: 'body-parser',
47 silly mapToRegistry   name: 'body-parser',
47 silly mapToRegistry   rawSpec: '',
47 silly mapToRegistry   spec: 'latest',
47 silly mapToRegistry   type: 'tag' }
48 silly mapToRegistry uri https://registry.npmjs.org/body-parser
49 silly fetchNamedPackageData pdfkit
50 silly mapToRegistry name pdfkit
51 silly mapToRegistry using default registry
52 silly mapToRegistry registry https://registry.npmjs.org/
53 silly mapToRegistry data Result {
53 silly mapToRegistry   raw: 'pdfkit',
53 silly mapToRegistry   scope: null,
53 silly mapToRegistry   escapedName: 'pdfkit',
53 silly mapToRegistry   name: 'pdfkit',
53 silly mapToRegistry   rawSpec: '',
53 silly mapToRegistry   spec: 'latest',
53 silly mapToRegistry   type: 'tag' }
54 silly mapToRegistry uri https://registry.npmjs.org/pdfkit
55 silly fetchNamedPackageData multer
56 silly mapToRegistry name multer
57 silly mapToRegistry using default registry
58 silly mapToRegistry registry https://registry.npmjs.org/
59 silly mapToRegistry data Result {
59 silly mapToRegistry   raw: 'multer',
59 silly mapToRegistry   scope: null,
59 silly mapToRegistry   escapedName: 'multer',
59 silly mapToRegistry   name: 'multer',
59 silly mapToRegistry   rawSpec: '',
59 silly mapToRegistry   spec: 'latest',
59 silly mapToRegistry   type: 'tag' }
60 silly mapToRegistry uri https://registry.npmjs.org/multer
61 verbose request uri https://registry.npmjs.org/pdfkit
62 verbose request no auth needed
63 info attempt registry request try #1 at 3:11:37 PM
64 verbose request id c69ed02158a847a5
65 verbose etag W/"560e231770ebb77f5693edc01533c063"
66 verbose lastModified Sat, 30 Aug 2025 18:17:34 GMT
67 http request GET https://registry.npmjs.org/pdfkit
68 verbose request uri https://registry.npmjs.org/jsonwebtoken
69 verbose request no auth needed
70 info attempt registry request try #1 at 3:11:37 PM
71 verbose etag W/"fbe1d5621a9f767b7e91e5ba32ad0fe8"
72 verbose lastModified Thu, 04 Dec 2025 10:27:58 GMT
73 http request GET https://registry.npmjs.org/jsonwebtoken
74 verbose request uri https://registry.npmjs.org/better-sqlite3
75 verbose request no auth needed
76 info attempt registry request try #1 at 3:11:37 PM
77 verbose etag W/"ca8db6919475b757c8d686058249dfed"
78 verbose lastModified Sat, 29 Nov 2025 00:08:42 GMT
79 http request GET https://registry.npmjs.org/better-sqlite3
80 verbose request uri https://registry.npmjs.org/cors
81 verbose request no auth needed
82 info attempt registry request try #1 at 3:11:37 PM
83 verbose etag W/"f33d240736738c23ec931b67b22367b5"
84 verbose lastModified Wed, 09 Apr 2025 02:30:02 GMT
85 http request GET https://registry.npmjs.org/cors
86 verbose request uri https://registry.npmjs.org/body-parser
87 verbose request no auth needed
88 info attempt registry request try #1 at 3:11:37 PM
89 verbose etag W/"67f0c663b599d10fa767ee33f3860a77"
90 verbose lastModified Mon, 01 Dec 2025 15:53:42 GMT
91 http request GET https://registry.npmjs.org/body-parser
92 verbose request uri https://registry.npmjs.org/multer
93 verbose request no auth needed
94 info attempt registry request try #1 at 3:11:37 PM
95 verbose etag W/"6b311031aeb3d00c5a14c203b4abe7b4"
96 verbose lastModified Thu, 17 Jul 2025 15:17:09 GMT
97 http request GET https://registry.npmjs.org/multer
98 verbose request uri https://registry.npmjs.org/express
99 verbose request no auth needed
100 info attempt registry request try #1 at 3:11:37 PM
101 verbose etag W/"b3059a2f1e11b705e02857f1a9752d6a"
102 verbose lastModified Tue, 09 Dec 2025 14:09:20 GMT
103 http request GET https://registry.npmjs.org/express
104 http 304 https://registry.npmjs.org/jsonwebtoken
105 verbose headers { date: 'Fri, 12 Dec 2025 09:41:36 GMT',
105 verbose headers   connection: 'keep-alive',
105 verbose headers   server: 'cloudflare',
105 verbose headers   'cf-ray': '9acc44575ed1dcf0-MAA',
105 verbose headers   'cf-cache-status': 'HIT',
105 verbose headers   'access-control-allow-origin': '*',
105 verbose headers   age: '158',
105 verbose headers   'cache-control': 'public, max-age=300',
105 verbose headers   etag: '"fbe1d5621a9f767b7e91e5ba32ad0fe8"',
105 verbose headers   'last-modified': 'Thu, 04 Dec 2025 10:27:58 GMT',
105 verbose headers   vary: 'Accept-Encoding',
105 verbose headers   'set-cookie': [ '_cfuvid=p3YwwmsrqQpm8lliwUJ_BU2nRw12Haeh9dkJI2wlz_g-1765532496549-0.0.1.1-604800000; path=/; domain=.npmjs.org; HttpOnly; Secure; SameSite=None' ] }
106 silly get cb [ 304,
106 silly get   { date: 'Fri, 12 Dec 2025 09:41:36 GMT',
106 silly get     connection: 'keep-alive',
106 silly get     server: 'cloudflare',
106 silly get     'cf-ray': '9acc44575ed1dcf0-MAA',
106 silly get     'cf-cache-status': 'HIT',
106 silly get     'access-control-allow-origin': '*',
106 silly get     age: '158',
106 silly get     'cache-control': 'public, max-age=300',
106 silly get     etag: '"fbe1d5621a9f767b7e91e5ba32ad0fe8"',
106 silly get     'last-modified': 'Thu, 04 Dec 2025 10:27:58 GMT',
106 silly get     vary: 'Accept-Encoding',
106 silly get     'set-cookie': [ '_cfuvid=p3YwwmsrqQpm8lliwUJ_BU2nRw12Haeh9dkJI2wlz_g-1765532496549-0.0.1.1-604800000; path=/; domain=.npmjs.org; HttpOnly; Secure; SameSite=None' ] } ]
107 verbose etag https://registry.npmjs.org/jsonwebtoken from cache
108 verbose get saving jsonwebtoken to C:\Users\MI\AppData\Roaming\npm-cache\registry.npmjs.org\jsonwebtoken\.cache.json
109 verbose correctMkdir C:\Users\MI\AppData\Roaming\npm-cache correctMkdir not in flight; initializing
110 http 304 https://registry.npmjs.org/body-parser
111 verbose headers { date: 'Fri, 12 Dec 2025 09:41:36 GMT',
111 verbose headers   connection: 'keep-alive',
111 verbose headers   server: 'cloudflare',
111 verbose headers   'cf-ray': '9acc44576e3d570c-MAA',
111 verbose headers   'cf-cache-status': 'HIT',
111 verbose headers   'access-control-allow-origin': '*',
111 verbose headers   age: '74',
111 verbose headers   'cache-control': 'public, max-age=300',
111 verbose headers   etag: '"67f0c663b599d10fa767ee33f3860a77"',
111 verbose headers   'last-modified': 'Mon, 01 Dec 2025 15:53:42 GMT',
111 verbose headers   vary: 'Accept-Encoding',
111 verbose headers   'set-cookie': [ '_cfuvid=9JPgrcYF86zH_UEZgplQdv8Tg._irJY8FCjVgwuYHn8-1765532496555-0.0.1.1-604800000; path=/; domain=.npmjs.org; HttpOnly; Secure; SameSite=None' ] }
112 silly get cb [ 304,
112 silly get   { date: 'Fri, 12 Dec 2025 09:41:36 GMT',
112 silly get     connection: 'keep-alive',
112 silly get     server: 'cloudflare',
112 silly get     'cf-ray': '9acc44576e3d570c-MAA',
112 silly get     'cf-cache-status': 'HIT',
112 silly get     'access-control-allow-origin': '*',
112 silly get     age: '74',
112 silly get     'cache-control': 'public, max-age=300',
112 silly get     etag: '"67f0c663b599d10fa767ee33f3860a77"',
112 silly get     'last-modified': 'Mon, 01 Dec 2025 15:53:42 GMT',
112 silly get     vary: 'Accept-Encoding',
112 silly get     'set-cookie': [ '_cfuvid=9JPgrcYF86zH_UEZgplQdv8Tg._irJY8FCjVgwuYHn8-1765532496555-0.0.1.1-604800000; path=/; domain=.npmjs.org; HttpOnly; Secure; SameSite=None' ] } ]
113 verbose etag https://registry.npmjs.org/body-parser from cache
114 verbose get saving body-parser to C:\Users\MI\AppData\Roaming\npm-cache\registry.npmjs.org\body-parser\.cache.json
115 verbose correctMkdir C:\Users\MI\AppData\Roaming\npm-cache correctMkdir already in flight; waiting
116 http 304 https://registry.npmjs.org/better-sqlite3
117 verbose headers { date: 'Fri, 12 Dec 2025 09:41:36 GMT',
117 verbose headers   connection: 'keep-alive',
117 verbose headers   server: 'cloudflare',
117 verbose headers   'cf-ray': '9acc44575e344fd4-MAA',
117 verbose headers   'cf-cache-status': 'HIT',
117 verbose headers   'access-control-allow-origin': '*',
117 verbose headers   age: '143',
117 verbose headers   'cache-control': 'public, max-age=300',
117 verbose headers   etag: '"ca8db6919475b757c8d686058249dfed"',
117 verbose headers   'last-modified': 'Sat, 29 Nov 2025 00:08:42 GMT',
117 verbose headers   vary: 'Accept-Encoding',
117 verbose headers   'set-cookie': [ '_cfuvid=dNIk6.d2aLYYFPBmjPTPAlC29iuHKCLNlE0NEIJaSiI-1765532496553-0.0.1.1-604800000; path=/; domain=.npmjs.org; HttpOnly; Secure; SameSite=None' ] }
118 silly get cb [ 304,
118 silly get   { date: 'Fri, 12 Dec 2025 09:41:36 GMT',
118 silly get     connection: 'keep-alive',
118 silly get     server: 'cloudflare',
118 silly get     'cf-ray': '9acc44575e344fd4-MAA',
118 silly get     'cf-cache-status': 'HIT',
118 silly get     'access-control-allow-origin': '*',
118 silly get     age: '143',
118 silly get     'cache-control': 'public, max-age=300',
118 silly get     etag: '"ca8db6919475b757c8d686058249dfed"',
118 silly get     'last-modified': 'Sat, 29 Nov 2025 00:08:42 GMT',
118 silly get     vary: 'Accept-Encoding',
118 silly get     'set-cookie': [ '_cfuvid=dNIk6.d2aLYYFPBmjPTPAlC29iuHKCLNlE0NEIJaSiI-1765532496553-0.0.1.1-604800000; path=/; domain=.npmjs.org; HttpOnly; Secure; SameSite=None' ] } ]
119 verbose etag https://registry.npmjs.org/better-sqlite3 from cache
120 verbose get saving better-sqlite3 to C:\Users\MI\AppData\Roaming\npm-cache\registry.npmjs.org\better-sqlite3\.cache.json
121 verbose correctMkdir C:\Users\MI\AppData\Roaming\npm-cache correctMkdir not in flight; initializing
122 http 304 https://registry.npmjs.org/pdfkit
123 verbose headers { date: 'Fri, 12 Dec 2025 09:41:36 GMT',
123 verbose headers   connection: 'keep-alive',
123 verbose headers   server: 'cloudflare',
123 verbose headers   'cf-ray': '9acc44575a0c7feb-MAA',
123 verbose headers   'cf-cache-status': 'HIT',
123 verbose headers   'access-control-allow-origin': '*',
123 verbose headers   age: '267',
123 verbose headers   'cache-control': 'public, max-age=300',
123 verbose headers   etag: '"560e231770ebb77f5693edc01533c063"',
123 verbose headers   'last-modified': 'Sat, 30 Aug 2025 18:17:34 GMT',
123 verbose headers   vary: 'Accept-Encoding',
123 verbose headers   'set-cookie': [ '_cfuvid=r6ePOlMLfKMV8vvQRbCXPth8eaaBGo6sf0PdfYGcHks-1765532496559-0.0.1.1-604800000; path=/; domain=.npmjs.org; HttpOnly; Secure; SameSite=None' ] }
124 silly get cb [ 304,
124 silly get   { date: 'Fri, 12 Dec 2025 09:41:36 GMT',
124 silly get     connection: 'keep-alive',
124 silly get     server: 'cloudflare',
124 silly get     'cf-ray': '9acc44575a0c7feb-MAA',
124 silly get     'cf-cache-status': 'HIT',
124 silly get     'access-control-allow-origin': '*',
124 silly get     age: '267',
124 silly get     'cache-control': 'public, max-age=300',
124 silly get     etag: '"560e231770ebb77f5693edc01533c063"',
124 silly get     'last-modified': 'Sat, 30 Aug 2025 18:17:34 GMT',
124 silly get     vary: 'Accept-Encoding',
124 silly get     'set-cookie': [ '_cfuvid=r6ePOlMLfKMV8vvQRbCXPth8eaaBGo6sf0PdfYGcHks-1765532496559-0.0.1.1-604800000; path=/; domain=.npmjs.org; HttpOnly; Secure; SameSite=None' ] } ]
125 verbose etag https://registry.npmjs.org/pdfkit from cache
126 verbose get saving pdfkit to C:\Users\MI\AppData\Roaming\npm-cache\registry.npmjs.org\pdfkit\.cache.json
127 verbose correctMkdir C:\Users\MI\AppData\Roaming\npm-cache correctMkdir not in flight; initializing
128 http 304 https://registry.npmjs.org/cors
129 verbose headers { date: 'Fri, 12 Dec 2025 09:41:36 GMT',
129 verbose headers   connection: 'keep-alive',
129 verbose headers   server: 'cloudflare',
129 verbose headers   'cf-ray': '9acc44575df7802b-MAA',
129 verbose headers   'cf-cache-status': 'HIT',
129 verbose headers   'access-control-allow-origin': '*',
129 verbose headers   age: '61',
129 verbose headers   'cache-control': 'public, max-age=300',
129 verbose headers   etag: '"f33d240736738c23ec931b67b22367b5"',
129 verbose headers   'last-modified': 'Wed, 09 Apr 2025 02:30:02 GMT',
129 verbose headers   vary: 'Accept-Encoding',
129 verbose headers   'set-cookie': [ '_cfuvid=r6ePOlMLfKMV8vvQRbCXPth8eaaBGo6sf0PdfYGcHks-1765532496559-0.0.1.1-604800000; path=/; domain=.npmjs.org; HttpOnly; Secure; SameSite=None' ] }
130 silly get cb [ 304,
130 silly get   { date: 'Fri, 12 Dec 2025 09:41:36 GMT',
130 silly get     connection: 'keep-alive',
130 silly get     server: 'cloudflare',
130 silly get     'cf-ray': '9acc44575df7802b-MAA',
130 silly get     'cf-cache-status': 'HIT',
130 silly get     'access-control-allow-origin': '*',
130 silly get     age: '61',
130 silly get     'cache-control': 'public, max-age=300',
130 silly get     etag: '"f33d240736738c23ec931b67b22367b5"',
130 silly get     'last-modified': 'Wed, 09 Apr 2025 02:30:02 GMT',
130 silly get     vary: 'Accept-Encoding',
130 silly get     'set-cookie': [ '_cfuvid=r6ePOlMLfKMV8vvQRbCXPth8eaaBGo6sf0PdfYGcHks-1765532496559-0.0.1.1-604800000; path=/; domain=.npmjs.org; HttpOnly; Secure; SameSite=None' ] } ]
131 verbose etag https://registry.npmjs.org/cors from cache
132 verbose get saving cors to C:\Users\MI\AppData\Roaming\npm-cache\registry.npmjs.org\cors\.cache.json
133 verbose correctMkdir C:\Users\MI\AppData\Roaming\npm-cache correctMkdir not in flight; initializing
134 http 304 https://registry.npmjs.org/multer
135 verbose headers { date: 'Fri, 12 Dec 2025 09:41:36 GMT',
135 verbose headers   connection: 'keep-alive',
135 verbose headers   server: 'cloudflare',
135 verbose headers   'cf-ray': '9acc44576ea87ef7-MAA',
135 verbose headers   'cf-cache-status': 'HIT',
135 verbose headers   'access-control-allow-origin': '*',
135 verbose headers   age: '29',
135 verbose headers   'cache-control': 'public, max-age=300',
135 verbose headers   etag: '"6b311031aeb3d00c5a14c203b4abe7b4"',
135 verbose headers   'last-modified': 'Thu, 17 Jul 2025 15:17:09 GMT',
135 verbose headers   vary: 'Accept-Encoding',
135 verbose headers   'set-cookie': [ '_cfuvid=DWXUn75CvMrB5jDK3LrN1Zp8vQ21K53J.JN1NX7FyYo-1765532496564-0.0.1.1-604800000; path=/; domain=.npmjs.org; HttpOnly; Secure; SameSite=None' ] }
136 silly get cb [ 304,
136 silly get   { date: 'Fri, 12 Dec 2025 09:41:36 GMT',
136 silly get     connection: 'keep-alive',
136 silly get     server: 'cloudflare',
136 silly get     'cf-ray': '9acc44576ea87ef7-MAA',
136 silly get     'cf-cache-status': 'HIT',
136 silly get     'access-control-allow-origin': '*',
136 silly get     age: '29',
136 silly get     'cache-control': 'public, max-age=300',
136 silly get     etag: '"6b311031aeb3d00c5a14c203b4abe7b4"',
136 silly get     'last-modified': 'Thu, 17 Jul 2025 15:17:09 GMT',
136 silly get     vary: 'Accept-Encoding',
136 silly get     'set-cookie': [ '_cfuvid=DWXUn75CvMrB5jDK3LrN1Zp8vQ21K53J.JN1NX7FyYo-1765532496564-0.0.1.1-604800000; path=/; domain=.npmjs.org; HttpOnly; Secure; SameSite=None' ] } ]
137 verbose etag https://registry.npmjs.org/multer from cache
138 verbose get saving multer to C:\Users\MI\AppData\Roaming\npm-cache\registry.npmjs.org\multer\.cache.json
139 verbose correctMkdir C:\Users\MI\AppData\Roaming\npm-cache correctMkdir not in flight; initializing
140 http 304 https://registry.npmjs.org/express
141 verbose headers { date: 'Fri, 12 Dec 2025 09:41:36 GMT',
141 verbose headers   connection: 'keep-alive',
141 verbose headers   server: 'cloudflare',
141 verbose headers   'cf-ray': '9acc4457693af242-MAA',
141 verbose headers   'cf-cache-status': 'HIT',
141 verbose headers   'access-control-allow-origin': '*',
141 verbose headers   age: '173',
141 verbose headers   'cache-control': 'public, max-age=300',
141 verbose headers   etag: '"b3059a2f1e11b705e02857f1a9752d6a"',
141 verbose headers   'last-modified': 'Tue, 09 Dec 2025 14:09:20 GMT',
141 verbose headers   vary: 'Accept-Encoding',
141 verbose headers   'set-cookie': [ '_cfuvid=fVW.GYj817iKSlyTipDsf_YW7VFK8Fsso8yKhKPVFD0-1765532496565-0.0.1.1-604800000; path=/; domain=.npmjs.org; HttpOnly; Secure; SameSite=None' ] }
142 silly get cb [ 304,
142 silly get   { date: 'Fri, 12 Dec 2025 09:41:36 GMT',
142 silly get     connection: 'keep-alive',
142 silly get     server: 'cloudflare',
142 silly get     'cf-ray': '9acc4457693af242-MAA',
142 silly get     'cf-cache-status': 'HIT',
142 silly get     'access-control-allow-origin': '*',
142 silly get     age: '173',
142 silly get     'cache-control': 'public, max-age=300',
142 silly get     etag: '"b3059a2f1e11b705e02857f1a9752d6a"',
142 silly get     'last-modified': 'Tue, 09 Dec 2025 14:09:20 GMT',
142 silly get     vary: 'Accept-Encoding',
142 silly get     'set-cookie': [ '_cfuvid=fVW.GYj817iKSlyTipDsf_YW7VFK8Fsso8yKhKPVFD0-1765532496565-0.0.1.1-604800000; path=/; domain=.npmjs.org; HttpOnly; Secure; SameSite=None' ] } ]
143 verbose etag https://registry.npmjs.org/express from cache
144 verbose get saving express to C:\Users\MI\AppData\Roaming\npm-cache\registry.npmjs.org\express\.cache.json
145 verbose correctMkdir C:\Users\MI\AppData\Roaming\npm-cache correctMkdir not in flight; initializing
146 silly resolveWithNewModule jsonwebtoken@9.0.3 checking installable status
147 silly cache add args [ 'jsonwebtoken@^9.0.0', null ]
148 verbose cache add spec jsonwebtoken@^9.0.0
149 silly cache add parsed spec Result {
149 silly cache add   raw: 'jsonwebtoken@^9.0.0',
149 silly cache add   scope: null,
149 silly cache add   escapedName: 'jsonwebtoken',
149 silly cache add   name: 'jsonwebtoken',
149 silly cache add   rawSpec: '^9.0.0',
149 silly cache add   spec: '>=9.0.0 <10.0.0',
149 silly cache add   type: 'range' }
150 silly addNamed jsonwebtoken@>=9.0.0 <10.0.0
151 verbose addNamed ">=9.0.0 <10.0.0" is a valid semver range for jsonwebtoken
152 silly addNameRange { name: 'jsonwebtoken',
152 silly addNameRange   range: '>=9.0.0 <10.0.0',
152 silly addNameRange   hasData: false }
153 silly mapToRegistry name jsonwebtoken
154 silly mapToRegistry using default registry
155 silly mapToRegistry registry https://registry.npmjs.org/
156 silly mapToRegistry data Result {
156 silly mapToRegistry   raw: 'jsonwebtoken',
156 silly mapToRegistry   scope: null,
156 silly mapToRegistry   escapedName: 'jsonwebtoken',
156 silly mapToRegistry   name: 'jsonwebtoken',
156 silly mapToRegistry   rawSpec: '',
156 silly mapToRegistry   spec: 'latest',
156 silly mapToRegistry   type: 'tag' }
157 silly mapToRegistry uri https://registry.npmjs.org/jsonwebtoken
158 verbose addNameRange registry:https://registry.npmjs.org/jsonwebtoken not in flight; fetching
159 silly resolveWithNewModule body-parser@1.20.4 checking installable status
160 silly cache add args [ 'body-parser@^1.20.2', null ]
161 verbose cache add spec body-parser@^1.20.2
162 silly cache add parsed spec Result {
162 silly cache add   raw: 'body-parser@^1.20.2',
162 silly cache add   scope: null,
162 silly cache add   escapedName: 'body-parser',
162 silly cache add   name: 'body-parser',
162 silly cache add   rawSpec: '^1.20.2',
162 silly cache add   spec: '>=1.20.2 <2.0.0',
162 silly cache add   type: 'range' }
163 silly addNamed body-parser@>=1.20.2 <2.0.0
164 verbose addNamed ">=1.20.2 <2.0.0" is a valid semver range for body-parser
165 silly addNameRange { name: 'body-parser', range: '>=1.20.2 <2.0.0', hasData: false }
166 silly mapToRegistry name body-parser
167 silly mapToRegistry using default registry
168 silly mapToRegistry registry https://registry.npmjs.org/
169 silly mapToRegistry data Result {
169 silly mapToRegistry   raw: 'body-parser',
169 silly mapToRegistry   scope: null,
169 silly mapToRegistry   escapedName: 'body-parser',
169 silly mapToRegistry   name: 'body-parser',
169 silly mapToRegistry   rawSpec: '',
169 silly mapToRegistry   spec: 'latest',
169 silly mapToRegistry   type: 'tag' }
170 silly mapToRegistry uri https://registry.npmjs.org/body-parser
171 verbose addNameRange registry:https://registry.npmjs.org/body-parser not in flight; fetching
172 silly resolveWithNewModule cors@2.8.5 checking installable status
173 silly cache add args [ 'cors@^2.8.5', null ]
174 verbose cache add spec cors@^2.8.5
175 silly cache add parsed spec Result {
175 silly cache add   raw: 'cors@^2.8.5',
175 silly cache add   scope: null,
175 silly cache add   escapedName: 'cors',
175 silly cache add   name: 'cors',
175 silly cache add   rawSpec: '^2.8.5',
175 silly cache add   spec: '>=2.8.5 <3.0.0',
175 silly cache add   type: 'range' }
176 silly addNamed cors@>=2.8.5 <3.0.0
177 verbose addNamed ">=2.8.5 <3.0.0" is a valid semver range for cors
178 silly addNameRange { name: 'cors', range: '>=2.8.5 <3.0.0', hasData: false }
179 silly mapToRegistry name cors
180 silly mapToRegistry using default registry
181 silly mapToRegistry registry https://registry.npmjs.org/
182 silly mapToRegistry data Result {
182 silly mapToRegistry   raw: 'cors',
182 silly mapToRegistry   scope: null,
182 silly mapToRegistry   escapedName: 'cors',
182 silly mapToRegistry   name: 'cors',
182 silly mapToRegistry   rawSpec: '',
182 silly mapToRegistry   spec: 'latest',
182 silly mapToRegistry   type: 'tag' }
183 silly mapToRegistry uri https://registry.npmjs.org/cors
184 verbose addNameRange registry:https://registry.npmjs.org/cors not in flight; fetching
185 silly resolveWithNewModule better-sqlite3@8.7.0 checking installable status
186 silly cache add args [ 'better-sqlite3@^8.0.0', null ]
187 verbose cache add spec better-sqlite3@^8.0.0
188 silly cache add parsed spec Result {
188 silly cache add   raw: 'better-sqlite3@^8.0.0',
188 silly cache add   scope: null,
188 silly cache add   escapedName: 'better-sqlite3',
188 silly cache add   name: 'better-sqlite3',
188 silly cache add   rawSpec: '^8.0.0',
188 silly cache add   spec: '>=8.0.0 <9.0.0',
188 silly cache add   type: 'range' }
189 silly addNamed better-sqlite3@>=8.0.0 <9.0.0
190 verbose addNamed ">=8.0.0 <9.0.0" is a valid semver range for better-sqlite3
191 silly addNameRange { name: 'better-sqlite3',
191 silly addNameRange   range: '>=8.0.0 <9.0.0',
191 silly addNameRange   hasData: false }
192 silly mapToRegistry name better-sqlite3
193 silly mapToRegistry using default registry
194 silly mapToRegistry registry https://registry.npmjs.org/
195 silly mapToRegistry data Result {
195 silly mapToRegistry   raw: 'better-sqlite3',
195 silly mapToRegistry   scope: null,
195 silly mapToRegistry   escapedName: 'better-sqlite3',
195 silly mapToRegistry   name: 'better-sqlite3',
195 silly mapToRegistry   rawSpec: '',
195 silly mapToRegistry   spec: 'latest',
195 silly mapToRegistry   type: 'tag' }
196 silly mapToRegistry uri https://registry.npmjs.org/better-sqlite3
197 verbose addNameRange registry:https://registry.npmjs.org/better-sqlite3 not in flight; fetching
198 silly resolveWithNewModule pdfkit@0.13.0 checking installable status
199 silly cache add args [ 'pdfkit@^0.13.0', null ]
200 verbose cache add spec pdfkit@^0.13.0
201 silly cache add parsed spec Result {
201 silly cache add   raw: 'pdfkit@^0.13.0',
201 silly cache add   scope: null,
201 silly cache add   escapedName: 'pdfkit',
201 silly cache add   name: 'pdfkit',
201 silly cache add   rawSpec: '^0.13.0',
201 silly cache add   spec: '>=0.13.0 <0.14.0',
201 silly cache add   type: 'range' }
202 silly addNamed pdfkit@>=0.13.0 <0.14.0
203 verbose addNamed ">=0.13.0 <0.14.0" is a valid semver range for pdfkit
204 silly addNameRange { name: 'pdfkit', range: '>=0.13.0 <0.14.0', hasData: false }
205 silly mapToRegistry name pdfkit
206 silly mapToRegistry using default registry
207 silly mapToRegistry registry https://registry.npmjs.org/
208 silly mapToRegistry data Result {
208 silly mapToRegistry   raw: 'pdfkit',
208 silly mapToRegistry   scope: null,
208 silly mapToRegistry   escapedName: 'pdfkit',
208 silly mapToRegistry   name: 'pdfkit',
208 silly mapToRegistry   rawSpec: '',
208 silly mapToRegistry   spec: 'latest',
208 silly mapToRegistry   type: 'tag' }
209 silly mapToRegistry uri https://registry.npmjs.org/pdfkit
210 verbose addNameRange registry:https://registry.npmjs.org/pdfkit not in flight; fetching
211 silly fetchNamedPackageData No valid target from cache, forcing network
212 verbose request uri https://registry.npmjs.org/multer
213 verbose request no auth needed
214 info attempt registry request try #1 at 3:11:38 PM
215 http request GET https://registry.npmjs.org/multer
216 silly resolveWithNewModule express@4.22.1 checking installable status
217 silly cache add args [ 'express@^4.18.2', null ]
218 verbose cache add spec express@^4.18.2
219 silly cache add parsed spec Result {
219 silly cache add   raw: 'express@^4.18.2',
219 silly cache add   scope: null,
219 silly cache add   escapedName: 'express',
219 silly cache add   name: 'express',
219 silly cache add   rawSpec: '^4.18.2',
219 silly cache add   spec: '>=4.18.2 <5.0.0',
219 silly cache add   type: 'range' }
220 silly addNamed express@>=4.18.2 <5.0.0
221 verbose addNamed ">=4.18.2 <5.0.0" is a valid semver range for express
222 silly addNameRange { name: 'express', range: '>=4.18.2 <5.0.0', hasData: false }
223 silly mapToRegistry name express
224 silly mapToRegistry using default registry
225 silly mapToRegistry registry https://registry.npmjs.org/
226 silly mapToRegistry data Result {
226 silly mapToRegistry   raw: 'express',
226 silly mapToRegistry   scope: null,
226 silly mapToRegistry   escapedName: 'express',
226 silly mapToRegistry   name: 'express',
226 silly mapToRegistry   rawSpec: '',
226 silly mapToRegistry   spec: 'latest',
226 silly mapToRegistry   type: 'tag' }
227 silly mapToRegistry uri https://registry.npmjs.org/express
228 verbose addNameRange registry:https://registry.npmjs.org/express not in flight; fetching
229 verbose get https://registry.npmjs.org/jsonwebtoken not expired, no request
230 silly addNameRange number 2 { name: 'jsonwebtoken', range: '>=9.0.0 <10.0.0', hasData: true }
231 silly addNameRange versions [ 'jsonwebtoken',
231 silly addNameRange   [ '0.1.0',
231 silly addNameRange     '0.2.0',
231 silly addNameRange     '0.3.0',
231 silly addNameRange     '0.4.0',
231 silly addNameRange     '0.4.1',
231 silly addNameRange     '1.0.0',
231 silly addNameRange     '1.0.2',
231 silly addNameRange     '1.1.0',
231 silly addNameRange     '1.1.1',
231 silly addNameRange     '1.1.2',
231 silly addNameRange     '1.2.0',
231 silly addNameRange     '1.3.0',
231 silly addNameRange     '2.0.0',
231 silly addNameRange     '3.0.0',
231 silly addNameRange     '3.1.0',
231 silly addNameRange     '3.1.1',
231 silly addNameRange     '3.2.0',
231 silly addNameRange     '3.2.1',
231 silly addNameRange     '3.2.2',
231 silly addNameRange     '4.0.0',
231 silly addNameRange     '4.1.0',
231 silly addNameRange     '4.2.0',
231 silly addNameRange     '4.2.1',
231 silly addNameRange     '4.2.2',
231 silly addNameRange     '5.0.0',
231 silly addNameRange     '5.0.1',
231 silly addNameRange     '5.0.2',
231 silly addNameRange     '5.0.3',
231 silly addNameRange     '5.0.4',
231 silly addNameRange     '5.0.5',
231 silly addNameRange     '5.1.0',
231 silly addNameRange     '5.2.0',
231 silly addNameRange     '5.3.1',
231 silly addNameRange     '5.4.0',
231 silly addNameRange     '5.4.1',
231 silly addNameRange     '5.5.0',
231 silly addNameRange     '5.5.1',
231 silly addNameRange     '5.5.2',
231 silly addNameRange     '5.5.3',
231 silly addNameRange     '5.5.4',
231 silly addNameRange     '5.6.0',
231 silly addNameRange     '5.6.2',
231 silly addNameRange     '5.7.0',
231 silly addNameRange     '6.0.0',
231 silly addNameRange     '6.0.1',
231 silly addNameRange     '6.1.0',
231 silly addNameRange     '6.1.1',
231 silly addNameRange     '6.1.2',
231 silly addNameRange     '6.2.0',
231 silly addNameRange     '7.0.0',
231 silly addNameRange     '7.0.1',
231 silly addNameRange     '7.1.0',
231 silly addNameRange     '7.1.1',
231 silly addNameRange     '7.1.3',
231 silly addNameRange     '7.1.5',
231 silly addNameRange     '7.1.6',
231 silly addNameRange     '7.1.7',
231 silly addNameRange     '7.1.8',
231 silly addNameRange     '7.1.9',
231 silly addNameRange     '7.1.10',
231 silly addNameRange     '7.2.0',
231 silly addNameRange     '7.2.1',
231 silly addNameRange     '7.3.0',
231 silly addNameRange     '7.4.0',
231 silly addNameRange     '7.4.1',
231 silly addNameRange     '7.4.2',
231 silly addNameRange     '7.4.3',
231 silly addNameRange     '8.0.0',
231 silly addNameRange     '8.0.1',
231 silly addNameRange     '8.1.0',
231 silly addNameRange     '8.1.1',
231 silly addNameRange     '8.2.0',
231 silly addNameRange     '8.2.1',
231 silly addNameRange     '8.2.2',
231 silly addNameRange     '8.3.0',
231 silly addNameRange     '8.4.0',
231 silly addNameRange     '8.5.0',
231 silly addNameRange     '8.5.1',
231 silly addNameRange     '9.0.0',
231 silly addNameRange     '9.0.1',
231 silly addNameRange     '9.0.2',
231 silly addNameRange     '9.0.3' ] ]
232 silly addNamed jsonwebtoken@9.0.3
233 verbose addNamed "9.0.3" is a plain semver version for jsonwebtoken
234 verbose get https://registry.npmjs.org/body-parser not expired, no request
235 silly addNameRange number 2 { name: 'body-parser', range: '>=1.20.2 <2.0.0', hasData: true }
236 silly addNameRange versions [ 'body-parser',
236 silly addNameRange   [ '1.0.0',
236 silly addNameRange     '1.0.1',
236 silly addNameRange     '1.0.2',
236 silly addNameRange     '1.1.0',
236 silly addNameRange     '1.1.1',
236 silly addNameRange     '1.1.2',
236 silly addNameRange     '1.2.0',
236 silly addNameRange     '1.2.1',
236 silly addNameRange     '1.2.2',
236 silly addNameRange     '1.3.0',
236 silly addNameRange     '1.3.1',
236 silly addNameRange     '1.4.0',
236 silly addNameRange     '1.4.1',
236 silly addNameRange     '1.4.2',
236 silly addNameRange     '1.4.3',
236 silly addNameRange     '1.5.0',
236 silly addNameRange     '1.5.1',
236 silly addNameRange     '1.5.2',
236 silly addNameRange     '1.6.0',
236 silly addNameRange     '1.6.1',
236 silly addNameRange     '1.6.2',
236 silly addNameRange     '1.6.3',
236 silly addNameRange     '1.6.4',
236 silly addNameRange     '1.6.5',
236 silly addNameRange     '1.6.6',
236 silly addNameRange     '1.6.7',
236 silly addNameRange     '1.7.0',
236 silly addNameRange     '1.8.0',
236 silly addNameRange     '1.8.1',
236 silly addNameRange     '1.8.2',
236 silly addNameRange     '1.8.3',
236 silly addNameRange     '1.8.4',
236 silly addNameRange     '1.9.0',
236 silly addNameRange     '1.9.1',
236 silly addNameRange     '1.9.2',
236 silly addNameRange     '1.9.3',
236 silly addNameRange     '1.10.0',
236 silly addNameRange     '1.10.1',
236 silly addNameRange     '1.10.2',
236 silly addNameRange     '1.11.0',
236 silly addNameRange     '1.12.0',
236 silly addNameRange     '1.12.1',
236 silly addNameRange     '1.12.2',
236 silly addNameRange     '1.12.3',
236 silly addNameRange     '1.12.4',
236 silly addNameRange     '1.13.0',
236 silly addNameRange     '1.13.1',
236 silly addNameRange     '1.13.2',
236 silly addNameRange     '1.13.3',
236 silly addNameRange     '1.14.0',
236 silly addNameRange     '1.14.1',
236 silly addNameRange     '1.14.2',
236 silly addNameRange     '1.15.0',
236 silly addNameRange     '1.15.1',
236 silly addNameRange     '1.15.2',
236 silly addNameRange     '1.16.0',
236 silly addNameRange     '1.16.1',
236 silly addNameRange     '1.17.0',
236 silly addNameRange     '1.17.1',
236 silly addNameRange     '1.17.2',
236 silly addNameRange     '1.18.0',
236 silly addNameRange     '1.18.1',
236 silly addNameRange     '1.18.2',
236 silly addNameRange     '1.18.3',
236 silly addNameRange     '1.19.0',
236 silly addNameRange     '1.19.1',
236 silly addNameRange     '2.0.0-beta.1',
236 silly addNameRange     '1.19.2',
236 silly addNameRange     '1.20.0',
236 silly addNameRange     '1.20.1',
236 silly addNameRange     '1.20.2',
236 silly addNameRange     '2.0.0-beta.2',
236 silly addNameRange     '1.20.3',
236 silly addNameRange     '2.0.0',
236 silly addNameRange     '2.0.1',
236 silly addNameRange     '2.0.2',
236 silly addNameRange     '2.1.0',
236 silly addNameRange     '2.2.0',
236 silly addNameRange     '2.2.1',
236 silly addNameRange     '1.20.4' ] ]
237 silly addNamed body-parser@1.20.4
238 verbose addNamed "1.20.4" is a plain semver version for body-parser
239 verbose get https://registry.npmjs.org/cors not expired, no request
240 silly addNameRange number 2 { name: 'cors', range: '>=2.8.5 <3.0.0', hasData: true }
241 silly addNameRange versions [ 'cors',
241 silly addNameRange   [ '0.0.1',
241 silly addNameRange     '0.0.2',
241 silly addNameRange     '0.0.3',
241 silly addNameRange     '0.0.4',
241 silly addNameRange     '0.0.5',
241 silly addNameRange     '0.1.0',
241 silly addNameRange     '0.1.1',
241 silly addNameRange     '1.0.0',
241 silly addNameRange     '1.0.1',
241 silly addNameRange     '2.0.0',
241 silly addNameRange     '2.1.0',
241 silly addNameRange     '2.1.1',
241 silly addNameRange     '2.2.0',
241 silly addNameRange     '2.3.0',
241 silly addNameRange     '2.3.1',
241 silly addNameRange     '2.3.2',
241 silly addNameRange     '2.4.0',
241 silly addNameRange     '2.4.1',
241 silly addNameRange     '2.4.2',
241 silly addNameRange     '2.5.0',
241 silly addNameRange     '2.5.1',
241 silly addNameRange     '2.5.2',
241 silly addNameRange     '2.5.3',
241 silly addNameRange     '2.6.0',
241 silly addNameRange     '2.6.1',
241 silly addNameRange     '2.7.0',
241 silly addNameRange     '2.7.1',
241 silly addNameRange     '2.7.2',
241 silly addNameRange     '2.8.0',
241 silly addNameRange     '2.8.1',
241 silly addNameRange     '2.8.2',
241 silly addNameRange     '2.8.3',
241 silly addNameRange     '2.8.4',
241 silly addNameRange     '2.8.5' ] ]
242 silly addNamed cors@2.8.5
243 verbose addNamed "2.8.5" is a plain semver version for cors
244 verbose get https://registry.npmjs.org/pdfkit not expired, no request
245 silly addNameRange number 2 { name: 'pdfkit', range: '>=0.13.0 <0.14.0', hasData: true }
246 silly addNameRange versions [ 'pdfkit',
246 silly addNameRange   [ '0.1.0',
246 silly addNameRange     '0.1.1',
246 silly addNameRange     '0.1.2',
246 silly addNameRange     '0.1.3',
246 silly addNameRange     '0.1.4',
246 silly addNameRange     '0.1.5',
246 silly addNameRange     '0.1.6',
246 silly addNameRange     '0.1.7',
246 silly addNameRange     '0.1.8',
246 silly addNameRange     '0.1.9',
246 silly addNameRange     '0.2.0',
246 silly addNameRange     '0.2.1',
246 silly addNameRange     '0.2.2',
246 silly addNameRange     '0.2.3',
246 silly addNameRange     '0.2.4',
246 silly addNameRange     '0.2.5',
246 silly addNameRange     '0.2.6',
246 silly addNameRange     '0.2.7',
246 silly addNameRange     '0.2.8',
246 silly addNameRange     '0.3.0',
246 silly addNameRange     '0.4.0',
246 silly addNameRange     '0.4.2',
246 silly addNameRange     '0.4.3',
246 silly addNameRange     '0.5.0',
246 silly addNameRange     '0.5.2',
246 silly addNameRange     '0.5.3',
246 silly addNameRange     '0.6.0',
246 silly addNameRange     '0.6.1',
246 silly addNameRange     '0.6.2',
246 silly addNameRange     '0.6.3',
246 silly addNameRange     '0.6.4',
246 silly addNameRange     '0.6.5',
246 silly addNameRange     '0.7.0',
246 silly addNameRange     '0.7.1',
246 silly addNameRange     '0.7.2',
246 silly addNameRange     '0.8.0',
246 silly addNameRange     '0.8.1',
246 silly addNameRange     '0.8.2',
246 silly addNameRange     '0.8.3',
246 silly addNameRange     '0.9.0',
246 silly addNameRange     '0.9.1',
246 silly addNameRange     '0.10.0',
246 silly addNameRange     '0.11.0',
246 silly addNameRange     '0.12.0',
246 silly addNameRange     '0.12.1',
246 silly addNameRange     '0.12.2',
246 silly addNameRange     '0.12.3',
246 silly addNameRange     '0.13.0',
246 silly addNameRange     '0.14.0',
246 silly addNameRange     '0.15.0',
246 silly addNameRange     '0.15.1',
246 silly addNameRange     '0.15.2',
246 silly addNameRange     '0.16.0',
246 silly addNameRange     '0.17.0',
246 silly addNameRange     '0.17.1',
246 silly addNameRange     '0.17.2' ] ]
247 silly addNamed pdfkit@0.13.0
248 verbose addNamed "0.13.0" is a plain semver version for pdfkit
249 verbose get https://registry.npmjs.org/better-sqlite3 not expired, no request
250 silly addNameRange number 2 { name: 'better-sqlite3',
250 silly addNameRange   range: '>=8.0.0 <9.0.0',
250 silly addNameRange   hasData: true }
251 silly addNameRange versions [ 'better-sqlite3',
251 silly addNameRange   [ '0.5.0',
251 silly addNameRange     '0.6.0',
251 silly addNameRange     '0.6.1',
251 silly addNameRange     '0.6.2',
251 silly addNameRange     '0.7.0',
251 silly addNameRange     '0.8.0',
251 silly addNameRange     '0.8.1',
251 silly addNameRange     '0.8.2',
251 silly addNameRange     '0.9.0',
251 silly addNameRange     '0.9.1',
251 silly addNameRange     '0.9.2',
251 silly addNameRange     '0.10.0',
251 silly addNameRange     '0.10.1',
251 silly addNameRange     '0.10.2',
251 silly addNameRange     '0.10.3',
251 silly addNameRange     '1.0.0',
251 silly addNameRange     '1.0.1',
251 silly addNameRange     '1.0.2',
251 silly addNameRange     '1.1.0',
251 silly addNameRange     '1.1.1',
251 silly addNameRange     '1.1.2',
251 silly addNameRange     '1.1.3',
251 silly addNameRange     '1.2.0',
251 silly addNameRange     '1.2.1',
251 silly addNameRange     '1.3.1',
251 silly addNameRange     '1.3.2',
251 silly addNameRange     '1.3.3',
251 silly addNameRange     '1.3.4',
251 silly addNameRange     '1.3.5',
251 silly addNameRange     '1.3.6',
251 silly addNameRange     '1.3.7',
251 silly addNameRange     '1.3.8',
251 silly addNameRange     '1.3.9',
251 silly addNameRange     '1.4.0',
251 silly addNameRange     '2.0.0',
251 silly addNameRange     '2.0.1',
251 silly addNameRange     '2.1.0',
251 silly addNameRange     '2.2.0',
251 silly addNameRange     '2.3.0',
251 silly addNameRange     '2.3.1',
251 silly addNameRange     '2.3.2',
251 silly addNameRange     '2.3.3',
251 silly addNameRange     '3.0.0',
251 silly addNameRange     '3.0.3',
251 silly addNameRange     '3.1.0',
251 silly addNameRange     '3.1.1',
251 silly addNameRange     '3.1.2',
251 silly addNameRange     '3.1.3',
251 silly addNameRange     '3.2.0',
251 silly addNameRange     '3.3.0',
251 silly addNameRange     '4.0.0',
251 silly addNameRange     '4.0.1',
251 silly addNameRange     '4.0.2',
251 silly addNameRange     '4.0.3',
251 silly addNameRange     '4.1.0',
251 silly addNameRange     '4.1.1',
251 silly addNameRange     '4.1.2',
251 silly addNameRange     '4.1.3',
251 silly addNameRange     '4.1.4',
251 silly addNameRange     '5.0.0',
251 silly addNameRange     '4.2.0',
251 silly addNameRange     '5.0.1',
251 silly addNameRange     '5.2.0',
251 silly addNameRange     '5.2.1',
251 silly addNameRange     '5.3.0',
251 silly addNameRange     '5.4.0',
251 silly addNameRange     '5.4.1',
251 silly addNameRange     '5.4.2',
251 silly addNameRange     '5.4.3',
251 silly addNameRange     '6.0.0',
251 silly addNameRange     '6.0.1',
251 silly addNameRange     '7.0.0',
251 silly addNameRange     '7.0.1',
251 silly addNameRange     '7.1.0',
251 silly addNameRange     '7.1.1',
251 silly addNameRange     '7.1.2',
251 silly addNameRange     '7.1.4',
251 silly addNameRange     '7.1.5',
251 silly addNameRange     '7.2.0',
251 silly addNameRange     '7.3.0',
251 silly addNameRange     '7.3.1',
251 silly addNameRange     '7.4.0',
251 silly addNameRange     '7.4.1',
251 silly addNameRange     '7.4.2',
251 silly addNameRange     '7.4.3',
251 silly addNameRange     '7.4.4',
251 silly addNameRange     '7.4.5',
251 silly addNameRange     '7.4.6',
251 silly addNameRange     '7.5.0',
251 silly addNameRange     '7.5.1',
251 silly addNameRange     '7.5.2',
251 silly addNameRange     '7.5.3',
251 silly addNameRange     '7.6.0',
251 silly addNameRange     '7.6.1',
251 silly addNameRange     '7.6.2',
251 silly addNameRange     '8.0.0',
251 silly addNameRange     '8.0.1',
251 silly addNameRange     '8.1.0',
251 silly addNameRange     '8.2.0',
251 silly addNameRange     '8.3.0',
251 silly addNameRange     ... 48 more items ] ]
252 silly addNamed better-sqlite3@8.7.0
253 verbose addNamed "8.7.0" is a plain semver version for better-sqlite3
254 verbose get https://registry.npmjs.org/express not expired, no request
255 silly addNameRange number 2 { name: 'express', range: '>=4.18.2 <5.0.0', hasData: true }
256 silly addNameRange versions [ 'express',
256 silly addNameRange   [ '0.14.1',
256 silly addNameRange     '1.0.0',
256 silly addNameRange     '1.0.1',
256 silly addNameRange     '0.14.0',
256 silly addNameRange     '1.0.2',
256 silly addNameRange     '1.0.3',
256 silly addNameRange     '1.0.4',
256 silly addNameRange     '1.0.5',
256 silly addNameRange     '1.0.6',
256 silly addNameRange     '1.0.7',
256 silly addNameRange     '1.0.8',
256 silly addNameRange     '2.0.0',
256 silly addNameRange     '2.1.0',
256 silly addNameRange     '2.1.1',
256 silly addNameRange     '2.2.0',
256 silly addNameRange     '2.2.1',
256 silly addNameRange     '2.2.2',
256 silly addNameRange     '2.3.0',
256 silly addNameRange     '2.3.1',
256 silly addNameRange     '2.3.2',
256 silly addNameRange     '2.3.3',
256 silly addNameRange     '2.3.4',
256 silly addNameRange     '2.3.5',
256 silly addNameRange     '2.3.6',
256 silly addNameRange     '2.3.7',
256 silly addNameRange     '2.3.8',
256 silly addNameRange     '2.3.9',
256 silly addNameRange     '2.3.10',
256 silly addNameRange     '2.3.11',
256 silly addNameRange     '2.3.12',
256 silly addNameRange     '2.4.0',
256 silly addNameRange     '2.4.1',
256 silly addNameRange     '2.4.2',
256 silly addNameRange     '2.4.3',
256 silly addNameRange     '2.4.4',
256 silly addNameRange     '2.4.5',
256 silly addNameRange     '2.4.6',
256 silly addNameRange     '2.4.7',
256 silly addNameRange     '2.5.0',
256 silly addNameRange     '2.5.1',
256 silly addNameRange     '2.5.2',
256 silly addNameRange     '2.5.3',
256 silly addNameRange     '2.5.4',
256 silly addNameRange     '2.5.5',
256 silly addNameRange     '2.5.6',
256 silly addNameRange     '2.5.7',
256 silly addNameRange     '2.5.8',
256 silly addNameRange     '2.5.9',
256 silly addNameRange     '2.5.10',
256 silly addNameRange     '2.5.11',
256 silly addNameRange     '3.0.0',
256 silly addNameRange     '3.0.1',
256 silly addNameRange     '3.0.2',
256 silly addNameRange     '3.0.3',
256 silly addNameRange     '3.0.4',
256 silly addNameRange     '3.0.5',
256 silly addNameRange     '3.0.6',
256 silly addNameRange     '3.1.0',
256 silly addNameRange     '3.1.1',
256 silly addNameRange     '3.1.2',
256 silly addNameRange     '3.2.0',
256 silly addNameRange     '3.2.1',
256 silly addNameRange     '3.2.2',
256 silly addNameRange     '3.2.3',
256 silly addNameRange     '3.2.4',
256 silly addNameRange     '3.2.5',
256 silly addNameRange     '3.2.6',
256 silly addNameRange     '3.3.0',
256 silly addNameRange     '3.3.1',
256 silly addNameRange     '3.3.2',
256 silly addNameRange     '3.3.3',
256 silly addNameRange     '3.3.4',
256 silly addNameRange     '3.3.5',
256 silly addNameRange     '3.3.6',
256 silly addNameRange     '1.0.0-beta',
256 silly addNameRange     '3.0.0-rc1',
256 silly addNameRange     '3.0.0-alpha1',
256 silly addNameRange     '1.0.0-rc3',
256 silly addNameRange     '1.0.0-rc2',
256 silly addNameRange     '3.0.0-alpha3',
256 silly addNameRange     '3.0.0-rc4',
256 silly addNameRange     '3.0.0-alpha4',
256 silly addNameRange     '3.0.0-alpha2',
256 silly addNameRange     '2.0.0-rc',
256 silly addNameRange     '1.0.0-rc',
256 silly addNameRange     '3.0.0-rc5',
256 silly addNameRange     '2.0.0-rc3',
256 silly addNameRange     '2.0.0-rc2',
256 silly addNameRange     '2.0.0-beta3',
256 silly addNameRange     '2.0.0-beta',
256 silly addNameRange     '1.0.0-beta2',
256 silly addNameRange     '1.0.0-rc4',
256 silly addNameRange     '2.0.0-beta2',
256 silly addNameRange     '3.0.0-beta2',
256 silly addNameRange     '3.0.0-beta6',
256 silly addNameRange     '3.0.0-beta3',
256 silly addNameRange     '3.0.0-beta4',
256 silly addNameRange     '3.0.0-rc3',
256 silly addNameRange     '3.0.0-alpha5',
256 silly addNameRange     '3.0.0-beta7',
256 silly addNameRange     ... 187 more items ] ]
257 silly addNamed express@4.22.1
258 verbose addNamed "4.22.1" is a plain semver version for express
259 silly cache afterAdd jsonwebtoken@9.0.3
260 verbose afterAdd C:\Users\MI\AppData\Roaming\npm-cache\jsonwebtoken\9.0.3\package\package.json not in flight; writing
261 verbose correctMkdir C:\Users\MI\AppData\Roaming\npm-cache correctMkdir not in flight; initializing
262 silly cache afterAdd body-parser@1.20.4
263 verbose afterAdd C:\Users\MI\AppData\Roaming\npm-cache\body-parser\1.20.4\package\package.json not in flight; writing
264 verbose correctMkdir C:\Users\MI\AppData\Roaming\npm-cache correctMkdir not in flight; initializing
265 silly cache afterAdd better-sqlite3@8.7.0
266 verbose afterAdd C:\Users\MI\AppData\Roaming\npm-cache\better-sqlite3\8.7.0\package\package.json not in flight; writing
267 verbose correctMkdir C:\Users\MI\AppData\Roaming\npm-cache correctMkdir not in flight; initializing
268 silly cache afterAdd pdfkit@0.13.0
269 verbose afterAdd C:\Users\MI\AppData\Roaming\npm-cache\pdfkit\0.13.0\package\package.json not in flight; writing
270 verbose correctMkdir C:\Users\MI\AppData\Roaming\npm-cache correctMkdir not in flight; initializing
271 silly cache afterAdd cors@2.8.5
272 verbose afterAdd C:\Users\MI\AppData\Roaming\npm-cache\cors\2.8.5\package\package.json not in flight; writing
273 verbose correctMkdir C:\Users\MI\AppData\Roaming\npm-cache correctMkdir not in flight; initializing
274 silly cache afterAdd express@4.22.1
275 verbose afterAdd C:\Users\MI\AppData\Roaming\npm-cache\express\4.22.1\package\package.json not in flight; writing
276 verbose correctMkdir C:\Users\MI\AppData\Roaming\npm-cache correctMkdir not in flight; initializing
277 verbose afterAdd C:\Users\MI\AppData\Roaming\npm-cache\body-parser\1.20.4\package\package.json written
278 http 200 https://registry.npmjs.org/multer
279 verbose headers { date: 'Fri, 12 Dec 2025 09:41:36 GMT',
279 verbose headers   'content-type': 'application/json',
279 verbose headers   'transfer-encoding': 'chunked',
279 verbose headers   connection: 'keep-alive',
279 verbose headers   'content-encoding': 'gzip',
279 verbose headers   'cf-ray': '9acc44585997dcf0-MAA',
279 verbose headers   'cf-cache-status': 'HIT',
279 verbose headers   'access-control-allow-origin': '*',
279 verbose headers   age: '29',
279 verbose headers   'cache-control': 'public, max-age=300',
279 verbose headers   etag: 'W/"6b311031aeb3d00c5a14c203b4abe7b4"',
279 verbose headers   'last-modified': 'Thu, 17 Jul 2025 15:17:09 GMT',
279 verbose headers   vary: 'accept-encoding, accept',
279 verbose headers   'set-cookie': [ '_cfuvid=i7n86p9tGG56.yvTmEuS1.bc8RRCq4wnmgZq9Nmvx3I-1765532496707-0.0.1.1-604800000; path=/; domain=.npmjs.org; HttpOnly; Secure; SameSite=None' ],
279 verbose headers   server: 'cloudflare' }
280 silly get cb [ 200,
280 silly get   { date: 'Fri, 12 Dec 2025 09:41:36 GMT',
280 silly get     'content-type': 'application/json',
280 silly get     'transfer-encoding': 'chunked',
280 silly get     connection: 'keep-alive',
280 silly get     'content-encoding': 'gzip',
280 silly get     'cf-ray': '9acc44585997dcf0-MAA',
280 silly get     'cf-cache-status': 'HIT',
280 silly get     'access-control-allow-origin': '*',
280 silly get     age: '29',
280 silly get     'cache-control': 'public, max-age=300',
280 silly get     etag: 'W/"6b311031aeb3d00c5a14c203b4abe7b4"',
280 silly get     'last-modified': 'Thu, 17 Jul 2025 15:17:09 GMT',
280 silly get     vary: 'accept-encoding, accept',
280 silly get     'set-cookie': [ '_cfuvid=i7n86p9tGG56.yvTmEuS1.bc8RRCq4wnmgZq9Nmvx3I-1765532496707-0.0.1.1-604800000; path=/; domain=.npmjs.org; HttpOnly; Secure; SameSite=None' ],
280 silly get     server: 'cloudflare' } ]
281 verbose get saving multer to C:\Users\MI\AppData\Roaming\npm-cache\registry.npmjs.org\multer\.cache.json
282 verbose correctMkdir C:\Users\MI\AppData\Roaming\npm-cache correctMkdir not in flight; initializing
283 verbose afterAdd C:\Users\MI\AppData\Roaming\npm-cache\jsonwebtoken\9.0.3\package\package.json written
284 verbose afterAdd C:\Users\MI\AppData\Roaming\npm-cache\better-sqlite3\8.7.0\package\package.json written
285 verbose afterAdd C:\Users\MI\AppData\Roaming\npm-cache\pdfkit\0.13.0\package\package.json written
286 verbose afterAdd C:\Users\MI\AppData\Roaming\npm-cache\cors\2.8.5\package\package.json written
287 verbose afterAdd C:\Users\MI\AppData\Roaming\npm-cache\express\4.22.1\package\package.json written
288 silly fetchPackageMetaData Error: No compatible version found: multer@^1.4.5
288 silly fetchPackageMetaData Valid install targets:
288 silly fetchPackageMetaData 3.0.0-alpha.1, 2.0.2, 2.0.1, 2.0.0, 2.0.0-rc.4, 2.0.0-rc.3, 2.0.0-rc.2, 2.0.0-rc.1, 2.0.0-beta.1, 2.0.0-alpha.7, 2.0.0-alpha.6, 2.0.0-alpha.5, 2.0.0-alpha.4, 2.0.0-alpha.3, 2.0.0-alpha.2, 2.0.0-alpha.1, 1.4.5-lts.2, 1.4.5-lts.1, 1.4.4, 1.4.4-lts.1, 1.4.3, 1.4.2, 1.4.1, 1.4.0, 1.3.1, 1.3.0, 1.2.1, 1.2.0, 1.1.0, 1.0.6, 1.0.5, 1.0.4, 1.0.3, 1.0.2, 1.0.1, 1.0.0, 0.1.8, 0.1.7, 0.1.6, 0.1.4, 0.1.3, 0.1.2, 0.1.1, 0.1.0, 0.0.7, 0.0.6, 0.0.5, 0.0.4, 0.0.3, 0.0.2, 0.0.1
288 silly fetchPackageMetaData
288 silly fetchPackageMetaData     at pickVersionFromRegistryDocument (C:\Program Files (x86)\nodejs\node_modules\npm\lib\fetch-package-metadata.js:178:16)
288 silly fetchPackageMetaData     at C:\Program Files (x86)\nodejs\node_modules\npm\node_modules\iferr\index.js:13:50
288 silly fetchPackageMetaData     at C:\Program Files (x86)\nodejs\node_modules\npm\lib\utils\pulse-till-done.js:20:8
288 silly fetchPackageMetaData     at saved (C:\Program Files (x86)\nodejs\node_modules\npm\lib\cache\caching-client.js:174:7)
288 silly fetchPackageMetaData     at C:\Program Files (x86)\nodejs\node_modules\npm\node_modules\graceful-fs\polyfills.js:241:18
288 silly fetchPackageMetaData     at FSReqWrap.oncomplete (fs.js:123:15)
288 silly fetchPackageMetaData  error for multer@^1.4.5 { Error: No compatible version found: multer@^1.4.5
288 silly fetchPackageMetaData Valid install targets:
288 silly fetchPackageMetaData 3.0.0-alpha.1, 2.0.2, 2.0.1, 2.0.0, 2.0.0-rc.4, 2.0.0-rc.3, 2.0.0-rc.2, 2.0.0-rc.1, 2.0.0-beta.1, 2.0.0-alpha.7, 2.0.0-alpha.6, 2.0.0-alpha.5, 2.0.0-alpha.4, 2.0.0-alpha.3, 2.0.0-alpha.2, 2.0.0-alpha.1, 1.4.5-lts.2, 1.4.5-lts.1, 1.4.4, 1.4.4-lts.1, 1.4.3, 1.4.2, 1.4.1, 1.4.0, 1.3.1, 1.3.0, 1.2.1, 1.2.0, 1.1.0, 1.0.6, 1.0.5, 1.0.4, 1.0.3, 1.0.2, 1.0.1, 1.0.0, 0.1.8, 0.1.7, 0.1.6, 0.1.4, 0.1.3, 0.1.2, 0.1.1, 0.1.0, 0.0.7, 0.0.6, 0.0.5, 0.0.4, 0.0.3, 0.0.2, 0.0.1
288 silly fetchPackageMetaData
288 silly fetchPackageMetaData     at pickVersionFromRegistryDocument (C:\Program Files (x86)\nodejs\node_modules\npm\lib\fetch-package-metadata.js:178:16)
288 silly fetchPackageMetaData     at C:\Program Files (x86)\nodejs\node_modules\npm\node_modules\iferr\index.js:13:50
288 silly fetchPackageMetaData     at C:\Program Files (x86)\nodejs\node_modules\npm\lib\utils\pulse-till-done.js:20:8
288 silly fetchPackageMetaData     at saved (C:\Program Files (x86)\nodejs\node_modules\npm\lib\cache\caching-client.js:174:7)
288 silly fetchPackageMetaData     at C:\Program Files (x86)\nodejs\node_modules\npm\node_modules\graceful-fs\polyfills.js:241:18
288 silly fetchPackageMetaData     at FSReqWrap.oncomplete (fs.js:123:15) code: 'ETARGET' }
289 silly rollbackFailedOptional Starting
290 silly rollbackFailedOptional Finishing
291 silly runTopLevelLifecycles Finishing
292 silly install printInstalled
293 verbose stack Error: No compatible version found: multer@^1.4.5
293 verbose stack Valid install targets:
293 verbose stack 3.0.0-alpha.1, 2.0.2, 2.0.1, 2.0.0, 2.0.0-rc.4, 2.0.0-rc.3, 2.0.0-rc.2, 2.0.0-rc.1, 2.0.0-beta.1, 2.0.0-alpha.7, 2.0.0-alpha.6, 2.0.0-alpha.5, 2.0.0-alpha.4, 2.0.0-alpha.3, 2.0.0-alpha.2, 2.0.0-alpha.1, 1.4.5-lts.2, 1.4.5-lts.1, 1.4.4, 1.4.4-lts.1, 1.4.3, 1.4.2, 1.4.1, 1.4.0, 1.3.1, 1.3.0, 1.2.1, 1.2.0, 1.1.0, 1.0.6, 1.0.5, 1.0.4, 1.0.3, 1.0.2, 1.0.1, 1.0.0, 0.1.8, 0.1.7, 0.1.6, 0.1.4, 0.1.3, 0.1.2, 0.1.1, 0.1.0, 0.0.7, 0.0.6, 0.0.5, 0.0.4, 0.0.3, 0.0.2, 0.0.1
293 verbose stack
293 verbose stack     at pickVersionFromRegistryDocument (C:\Program Files (x86)\nodejs\node_modules\npm\lib\fetch-package-metadata.js:178:16)
293 verbose stack     at C:\Program Files (x86)\nodejs\node_modules\npm\node_modules\iferr\index.js:13:50
293 verbose stack     at C:\Program Files (x86)\nodejs\node_modules\npm\lib\utils\pulse-till-done.js:20:8
293 verbose stack     at saved (C:\Program Files (x86)\nodejs\node_modules\npm\lib\cache\caching-client.js:174:7)
293 verbose stack     at C:\Program Files (x86)\nodejs\node_modules\npm\node_modules\graceful-fs\polyfills.js:241:18
293 verbose stack     at FSReqWrap.oncomplete (fs.js:123:15)
294 verbose cwd C:\Users\MI\OneDrive\mahesh\tax-crm-fullstack\server
295 error Windows_NT 10.0.26200
296 error argv "C:\\Program Files (x86)\\nodejs\\node.exe" "C:\\Program Files (x86)\\nodejs\\node_modules\\npm\\bin\\npm-cli.js" "install"
297 error node v6.10.1
298 error npm  v3.10.10
299 error code ETARGET
300 error notarget No compatible version found: multer@^1.4.5
300 error notarget Valid install targets:
300 error notarget 3.0.0-alpha.1, 2.0.2, 2.0.1, 2.0.0, 2.0.0-rc.4, 2.0.0-rc.3, 2.0.0-rc.2, 2.0.0-rc.1, 2.0.0-beta.1, 2.0.0-alpha.7, 2.0.0-alpha.6, 2.0.0-alpha.5, 2.0.0-alpha.4, 2.0.0-alpha.3, 2.0.0-alpha.2, 2.0.0-alpha.1, 1.4.5-lts.2, 1.4.5-lts.1, 1.4.4, 1.4.4-lts.1, 1.4.3, 1.4.2, 1.4.1, 1.4.0, 1.3.1, 1.3.0, 1.2.1, 1.2.0, 1.1.0, 1.0.6, 1.0.5, 1.0.4, 1.0.3, 1.0.2, 1.0.1, 1.0.0, 0.1.8, 0.1.7, 0.1.6, 0.1.4, 0.1.3, 0.1.2, 0.1.1, 0.1.0, 0.0.7, 0.0.6, 0.0.5, 0.0.4, 0.0.3, 0.0.2, 0.0.1
301 error notarget This is most likely not a problem with npm itself.
301 error notarget In most cases you or one of your dependencies are requesting
301 error notarget a package version that doesn't exist.
301 error notarget
301 error notarget It was specified as a dependency of 'tax-crm-server'
302 verbose exit [ 1, true ]
